2018-08-28 03:43:00 Error: Fatal Error (1): Class 'AppController' not found in [C:\wamp64\www\login\app\src\Controller\FuncionariosController.php, line 3]
Request URL: /funcionarios
Trace:
Cake\Error\BaseErrorHandler::handleFatalError() - CORE\src\Error\BaseErrorHandler.php, line 229
Cake\Error\BaseErrorHandler::Cake\Error\{closure}() - CORE\src\Error\BaseErrorHandler.php, line 110
[main] - [internal], line ??



2018-08-28 03:43:01 Error: [Cake\Error\FatalErrorException] Class 'AppController' not found in C:\wamp64\www\login\app\src\Controller\FuncionariosController.php on line 3
Request URL: /funcionarios
Stack Trace:
#0 C:\wamp64\www\login\app\vendor\cakephp\cakephp\src\Error\BaseErrorHandler.php(110): Cake\Error\BaseErrorHandler->handleFatalError(1, 'Class 'AppContr...', 'C:\\wamp64\\www\\l...', 3)
#1 [internal function]: Cake\Error\BaseErrorHandler->Cake\Error\{closure}()
#2 {main}


2018-08-28 03:43:05 Error: [Cake\Routing\Exception\MissingControllerException] Controller class Sada could not be found.
Exception Attributes: array (
  'class' => 'Sada',
  'plugin' => false,
  'prefix' => false,
  '_ext' => false,
)
Request URL: /sada
Stack Trace:
#0 C:\wamp64\www\login\app\vendor\cakephp\cakephp\src\Http\ControllerFactory.php(39): Cake\Http\ControllerFactory->missingController(Object(Cake\Http\ServerRequest))
#1 C:\wamp64\www\login\app\vendor\cakephp\cakephp\src\Http\ActionDispatcher.php(91): Cake\Http\ControllerFactory->create(Object(Cake\Http\ServerRequest), Object(Cake\Http\Response))
#2 C:\wamp64\www\login\app\vendor\cakephp\cakephp\src\Http\BaseApplication.php(235): Cake\Http\ActionDispatcher->dispatch(Object(Cake\Http\ServerRequest), Object(Cake\Http\Response))
#3 C:\wamp64\www\login\app\vendor\cakephp\cakephp\src\Http\Runner.php(65): Cake\Http\BaseApplication->__invoke(Object(Cake\Http\ServerRequest), Object(Cake\Http\Response), Object(Cake\Http\Runner))
#4 C:\wamp64\www\login\app\vendor\cakephp\cakephp\src\Http\Middleware\CsrfProtectionMiddleware.php(107): Cake\Http\Runner->__invoke(Object(Cake\Http\ServerRequest), Object(Cake\Http\Response))
#5 C:\wamp64\www\login\app\vendor\cakephp\cakephp\src\Http\Runner.php(65): Cake\Http\Middleware\CsrfProtectionMiddleware->__invoke(Object(Cake\Http\ServerRequest), Object(Cake\Http\Response), Object(Cake\Http\Runner))
#6 C:\wamp64\www\login\app\vendor\cakephp\cakephp\src\Routing\Middleware\RoutingMiddleware.php(156): Cake\Http\Runner->__invoke(Object(Cake\Http\ServerRequest), Object(Cake\Http\Response))
#7 C:\wamp64\www\login\app\vendor\cakephp\cakephp\src\Http\Runner.php(65): Cake\Routing\Middleware\RoutingMiddleware->__invoke(Object(Cake\Http\ServerRequest), Object(Cake\Http\Response), Object(Cake\Http\Runner))
#8 C:\wamp64\www\login\app\vendor\cakephp\cakephp\src\Routing\Middleware\AssetMiddleware.php(88): Cake\Http\Runner->__invoke(Object(Cake\Http\ServerRequest), Object(Cake\Http\Response))
#9 C:\wamp64\www\login\app\vendor\cakephp\cakephp\src\Http\Runner.php(65): Cake\Routing\Middleware\AssetMiddleware->__invoke(Object(Cake\Http\ServerRequest), Object(Cake\Http\Response), Object(Cake\Http\Runner))
#10 C:\wamp64\www\login\app\vendor\cakephp\cakephp\src\Error\Middleware\ErrorHandlerMiddleware.php(98): Cake\Http\Runner->__invoke(Object(Cake\Http\ServerRequest), Object(Cake\Http\Response))
#11 C:\wamp64\www\login\app\vendor\cakephp\cakephp\src\Http\Runner.php(65): Cake\Error\Middleware\ErrorHandlerMiddleware->__invoke(Object(Cake\Http\ServerRequest), Object(Cake\Http\Response), Object(Cake\Http\Runner))
#12 C:\wamp64\www\login\app\vendor\cakephp\debug_kit\src\Middleware\DebugKitMiddleware.php(53): Cake\Http\Runner->__invoke(Object(Cake\Http\ServerRequest), Object(Cake\Http\Response))
#13 C:\wamp64\www\login\app\vendor\cakephp\cakephp\src\Http\Runner.php(65): DebugKit\Middleware\DebugKitMiddleware->__invoke(Object(Cake\Http\ServerRequest), Object(Cake\Http\Response), Object(Cake\Http\Runner))
#14 C:\wamp64\www\login\app\vendor\cakephp\cakephp\src\Http\Runner.php(51): Cake\Http\Runner->__invoke(Object(Cake\Http\ServerRequest), Object(Cake\Http\Response))
#15 C:\wamp64\www\login\app\vendor\cakephp\cakephp\src\Http\Server.php(98): Cake\Http\Runner->run(Object(Cake\Http\MiddlewareQueue), Object(Cake\Http\ServerRequest), Object(Cake\Http\Response))
#16 C:\wamp64\www\login\app\webroot\index.php(40): Cake\Http\Server->run()
#17 {main}


2018-08-28 03:43:10 Error: Fatal Error (1): Class 'AppController' not found in [C:\wamp64\www\login\app\src\Controller\FuncionariosController.php, line 3]
Request URL: /funcionarios
Trace:
Cake\Error\BaseErrorHandler::handleFatalError() - CORE\src\Error\BaseErrorHandler.php, line 229
Cake\Error\BaseErrorHandler::Cake\Error\{closure}() - CORE\src\Error\BaseErrorHandler.php, line 110
[main] - [internal], line ??



2018-08-28 03:43:10 Error: [Cake\Error\FatalErrorException] Class 'AppController' not found in C:\wamp64\www\login\app\src\Controller\FuncionariosController.php on line 3
Request URL: /funcionarios
Stack Trace:
#0 C:\wamp64\www\login\app\vendor\cakephp\cakephp\src\Error\BaseErrorHandler.php(110): Cake\Error\BaseErrorHandler->handleFatalError(1, 'Class 'AppContr...', 'C:\\wamp64\\www\\l...', 3)
#1 [internal function]: Cake\Error\BaseErrorHandler->Cake\Error\{closure}()
#2 {main}


2018-08-28 03:45:22 Error: Fatal Error (1): Class 'AppController' not found in [C:\wamp64\www\login\app\src\Controller\FuncionariosController.php, line 3]
Request URL: /funcionarios
Trace:
Cake\Error\BaseErrorHandler::handleFatalError() - CORE\src\Error\BaseErrorHandler.php, line 229
Cake\Error\BaseErrorHandler::Cake\Error\{closure}() - CORE\src\Error\BaseErrorHandler.php, line 110
[main] - [internal], line ??



2018-08-28 03:45:22 Error: [Cake\Error\FatalErrorException] Class 'AppController' not found in C:\wamp64\www\login\app\src\Controller\FuncionariosController.php on line 3
Request URL: /funcionarios
Stack Trace:
#0 C:\wamp64\www\login\app\vendor\cakephp\cakephp\src\Error\BaseErrorHandler.php(110): Cake\Error\BaseErrorHandler->handleFatalError(1, 'Class 'AppContr...', 'C:\\wamp64\\www\\l...', 3)
#1 [internal function]: Cake\Error\BaseErrorHandler->Cake\Error\{closure}()
#2 {main}


2018-08-28 03:45:37 Error: Fatal Error (1): Class 'AppController' not found in [C:\wamp64\www\login\app\src\Controller\FuncionariosController.php, line 3]
Request URL: /funcionarios
Trace:
Cake\Error\BaseErrorHandler::handleFatalError() - CORE\src\Error\BaseErrorHandler.php, line 229
Cake\Error\BaseErrorHandler::Cake\Error\{closure}() - CORE\src\Error\BaseErrorHandler.php, line 110
[main] - [internal], line ??



2018-08-28 03:45:37 Error: [Cake\Error\FatalErrorException] Class 'AppController' not found in C:\wamp64\www\login\app\src\Controller\FuncionariosController.php on line 3
Request URL: /funcionarios
Stack Trace:
#0 C:\wamp64\www\login\app\vendor\cakephp\cakephp\src\Error\BaseErrorHandler.php(110): Cake\Error\BaseErrorHandler->handleFatalError(1, 'Class 'AppContr...', 'C:\\wamp64\\www\\l...', 3)
#1 [internal function]: Cake\Error\BaseErrorHandler->Cake\Error\{closure}()
#2 {main}


2018-08-28 03:47:27 Error: Fatal Error (1): Class 'AppController' not found in [C:\wamp64\www\login\app\src\Controller\FuncionariosController.php, line 3]
Request URL: /funcionarios
Trace:
Cake\Error\BaseErrorHandler::handleFatalError() - CORE\src\Error\BaseErrorHandler.php, line 229
Cake\Error\BaseErrorHandler::Cake\Error\{closure}() - CORE\src\Error\BaseErrorHandler.php, line 110
[main] - [internal], line ??



2018-08-28 03:47:27 Error: [Cake\Error\FatalErrorException] Class 'AppController' not found in C:\wamp64\www\login\app\src\Controller\FuncionariosController.php on line 3
Request URL: /funcionarios
Stack Trace:
#0 C:\wamp64\www\login\app\vendor\cakephp\cakephp\src\Error\BaseErrorHandler.php(110): Cake\Error\BaseErrorHandler->handleFatalError(1, 'Class 'AppContr...', 'C:\\wamp64\\www\\l...', 3)
#1 [internal function]: Cake\Error\BaseErrorHandler->Cake\Error\{closure}()
#2 {main}


2018-08-28 03:48:10 Error: Fatal Error (1): Call to a member function find() on boolean in [C:\wamp64\www\login\app\src\Controller\FuncionariosController.php, line 11]
Request URL: /funcionarios
Trace:
Cake\Error\BaseErrorHandler::handleFatalError() - CORE\src\Error\BaseErrorHandler.php, line 229
Cake\Error\BaseErrorHandler::Cake\Error\{closure}() - CORE\src\Error\BaseErrorHandler.php, line 110
[main] - [internal], line ??



2018-08-28 03:48:10 Error: [Cake\Error\FatalErrorException] Call to a member function find() on boolean in C:\wamp64\www\login\app\src\Controller\FuncionariosController.php on line 11
Request URL: /funcionarios
Stack Trace:
#0 C:\wamp64\www\login\app\vendor\cakephp\cakephp\src\Error\BaseErrorHandler.php(110): Cake\Error\BaseErrorHandler->handleFatalError(1, 'Call to a membe...', 'C:\\wamp64\\www\\l...', 11)
#1 [internal function]: Cake\Error\BaseErrorHandler->Cake\Error\{closure}()
#2 {main}


2018-08-28 03:48:48 Error: Fatal Error (1): Call to a member function find() on boolean in [C:\wamp64\www\login\app\src\Controller\FuncionariosController.php, line 11]
Request URL: /funcionarios/index
Trace:
Cake\Error\BaseErrorHandler::handleFatalError() - CORE\src\Error\BaseErrorHandler.php, line 229
Cake\Error\BaseErrorHandler::Cake\Error\{closure}() - CORE\src\Error\BaseErrorHandler.php, line 110
[main] - [internal], line ??



2018-08-28 03:48:48 Error: [Cake\Error\FatalErrorException] Call to a member function find() on boolean in C:\wamp64\www\login\app\src\Controller\FuncionariosController.php on line 11
Request URL: /funcionarios/index
Stack Trace:
#0 C:\wamp64\www\login\app\vendor\cakephp\cakephp\src\Error\BaseErrorHandler.php(110): Cake\Error\BaseErrorHandler->handleFatalError(1, 'Call to a membe...', 'C:\\wamp64\\www\\l...', 11)
#1 [internal function]: Cake\Error\BaseErrorHandler->Cake\Error\{closure}()
#2 {main}


2018-08-28 03:48:51 Error: Fatal Error (1): Call to a member function find() on boolean in [C:\wamp64\www\login\app\src\Controller\FuncionariosController.php, line 11]
Request URL: /funcionarios
Trace:
Cake\Error\BaseErrorHandler::handleFatalError() - CORE\src\Error\BaseErrorHandler.php, line 229
Cake\Error\BaseErrorHandler::Cake\Error\{closure}() - CORE\src\Error\BaseErrorHandler.php, line 110
[main] - [internal], line ??



2018-08-28 03:48:51 Error: [Cake\Error\FatalErrorException] Call to a member function find() on boolean in C:\wamp64\www\login\app\src\Controller\FuncionariosController.php on line 11
Request URL: /funcionarios
Stack Trace:
#0 C:\wamp64\www\login\app\vendor\cakephp\cakephp\src\Error\BaseErrorHandler.php(110): Cake\Error\BaseErrorHandler->handleFatalError(1, 'Call to a membe...', 'C:\\wamp64\\www\\l...', 11)
#1 [internal function]: Cake\Error\BaseErrorHandler->Cake\Error\{closure}()
#2 {main}


2018-08-28 03:48:52 Error: Fatal Error (1): Call to a member function find() on boolean in [C:\wamp64\www\login\app\src\Controller\FuncionariosController.php, line 11]
Request URL: /funcionarios
Trace:
Cake\Error\BaseErrorHandler::handleFatalError() - CORE\src\Error\BaseErrorHandler.php, line 229
Cake\Error\BaseErrorHandler::Cake\Error\{closure}() - CORE\src\Error\BaseErrorHandler.php, line 110
[main] - [internal], line ??



2018-08-28 03:48:52 Error: [Cake\Error\FatalErrorException] Call to a member function find() on boolean in C:\wamp64\www\login\app\src\Controller\FuncionariosController.php on line 11
Request URL: /funcionarios
Stack Trace:
#0 C:\wamp64\www\login\app\vendor\cakephp\cakephp\src\Error\BaseErrorHandler.php(110): Cake\Error\BaseErrorHandler->handleFatalError(1, 'Call to a membe...', 'C:\\wamp64\\www\\l...', 11)
#1 [internal function]: Cake\Error\BaseErrorHandler->Cake\Error\{closure}()
#2 {main}


2018-08-28 03:49:00 Error: Fatal Error (1): Call to a member function find() on boolean in [C:\wamp64\www\login\app\src\Controller\FuncionariosController.php, line 12]
Request URL: /funcionarios
Trace:
Cake\Error\BaseErrorHandler::handleFatalError() - CORE\src\Error\BaseErrorHandler.php, line 229
Cake\Error\BaseErrorHandler::Cake\Error\{closure}() - CORE\src\Error\BaseErrorHandler.php, line 110
[main] - [internal], line ??



2018-08-28 03:49:00 Error: [Cake\Error\FatalErrorException] Call to a member function find() on boolean in C:\wamp64\www\login\app\src\Controller\FuncionariosController.php on line 12
Request URL: /funcionarios
Stack Trace:
#0 C:\wamp64\www\login\app\vendor\cakephp\cakephp\src\Error\BaseErrorHandler.php(110): Cake\Error\BaseErrorHandler->handleFatalError(1, 'Call to a membe...', 'C:\\wamp64\\www\\l...', 12)
#1 [internal function]: Cake\Error\BaseErrorHandler->Cake\Error\{closure}()
#2 {main}


2018-08-28 03:49:03 Error: Fatal Error (1): Call to a member function find() on boolean in [C:\wamp64\www\login\app\src\Controller\FuncionariosController.php, line 11]
Request URL: /funcionarios
Trace:
Cake\Error\BaseErrorHandler::handleFatalError() - CORE\src\Error\BaseErrorHandler.php, line 229
Cake\Error\BaseErrorHandler::Cake\Error\{closure}() - CORE\src\Error\BaseErrorHandler.php, line 110
[main] - [internal], line ??



2018-08-28 03:49:03 Error: [Cake\Error\FatalErrorException] Call to a member function find() on boolean in C:\wamp64\www\login\app\src\Controller\FuncionariosController.php on line 11
Request URL: /funcionarios
Stack Trace:
#0 C:\wamp64\www\login\app\vendor\cakephp\cakephp\src\Error\BaseErrorHandler.php(110): Cake\Error\BaseErrorHandler->handleFatalError(1, 'Call to a membe...', 'C:\\wamp64\\www\\l...', 11)
#1 [internal function]: Cake\Error\BaseErrorHandler->Cake\Error\{closure}()
#2 {main}


2018-08-28 04:27:29 Error: [Cake\View\Exception\MissingTemplateException] Template file "Vagas\index.ctp" is missing.
Exception Attributes: array (
  'file' => 'Vagas\\index.ctp',
)
Request URL: /vagas
Referer URL: http://localhost:8765/vagas/add
Stack Trace:
#0 C:\wamp64\www\login\app\vendor\cakephp\cakephp\src\View\View.php(799): Cake\View\View->_getViewFileName(NULL)
#1 C:\wamp64\www\login\app\vendor\cakephp\cakephp\src\Controller\Controller.php(777): Cake\View\View->render(NULL, NULL)
#2 C:\wamp64\www\login\app\vendor\cakephp\cakephp\src\Http\ActionDispatcher.php(126): Cake\Controller\Controller->render()
#3 C:\wamp64\www\login\app\vendor\cakephp\cakephp\src\Http\ActionDispatcher.php(94): Cake\Http\ActionDispatcher->_invoke(Object(App\Controller\VagasController))
#4 C:\wamp64\www\login\app\vendor\cakephp\cakephp\src\Http\BaseApplication.php(235): Cake\Http\ActionDispatcher->dispatch(Object(Cake\Http\ServerRequest), Object(Cake\Http\Response))
#5 C:\wamp64\www\login\app\vendor\cakephp\cakephp\src\Http\Runner.php(65): Cake\Http\BaseApplication->__invoke(Object(Cake\Http\ServerRequest), Object(Cake\Http\Response), Object(Cake\Http\Runner))
#6 C:\wamp64\www\login\app\vendor\cakephp\cakephp\src\Http\Middleware\CsrfProtectionMiddleware.php(107): Cake\Http\Runner->__invoke(Object(Cake\Http\ServerRequest), Object(Cake\Http\Response))
#7 C:\wamp64\www\login\app\vendor\cakephp\cakephp\src\Http\Runner.php(65): Cake\Http\Middleware\CsrfProtectionMiddleware->__invoke(Object(Cake\Http\ServerRequest), Object(Cake\Http\Response), Object(Cake\Http\Runner))
#8 C:\wamp64\www\login\app\vendor\cakephp\cakephp\src\Routing\Middleware\RoutingMiddleware.php(156): Cake\Http\Runner->__invoke(Object(Cake\Http\ServerRequest), Object(Cake\Http\Response))
#9 C:\wamp64\www\login\app\vendor\cakephp\cakephp\src\Http\Runner.php(65): Cake\Routing\Middleware\RoutingMiddleware->__invoke(Object(Cake\Http\ServerRequest), Object(Cake\Http\Response), Object(Cake\Http\Runner))
#10 C:\wamp64\www\login\app\vendor\cakephp\cakephp\src\Routing\Middleware\AssetMiddleware.php(88): Cake\Http\Runner->__invoke(Object(Cake\Http\ServerRequest), Object(Cake\Http\Response))
#11 C:\wamp64\www\login\app\vendor\cakephp\cakephp\src\Http\Runner.php(65): Cake\Routing\Middleware\AssetMiddleware->__invoke(Object(Cake\Http\ServerRequest), Object(Cake\Http\Response), Object(Cake\Http\Runner))
#12 C:\wamp64\www\login\app\vendor\cakephp\cakephp\src\Error\Middleware\ErrorHandlerMiddleware.php(98): Cake\Http\Runner->__invoke(Object(Cake\Http\ServerRequest), Object(Cake\Http\Response))
#13 C:\wamp64\www\login\app\vendor\cakephp\cakephp\src\Http\Runner.php(65): Cake\Error\Middleware\ErrorHandlerMiddleware->__invoke(Object(Cake\Http\ServerRequest), Object(Cake\Http\Response), Object(Cake\Http\Runner))
#14 C:\wamp64\www\login\app\vendor\cakephp\debug_kit\src\Middleware\DebugKitMiddleware.php(53): Cake\Http\Runner->__invoke(Object(Cake\Http\ServerRequest), Object(Cake\Http\Response))
#15 C:\wamp64\www\login\app\vendor\cakephp\cakephp\src\Http\Runner.php(65): DebugKit\Middleware\DebugKitMiddleware->__invoke(Object(Cake\Http\ServerRequest), Object(Cake\Http\Response), Object(Cake\Http\Runner))
#16 C:\wamp64\www\login\app\vendor\cakephp\cakephp\src\Http\Runner.php(51): Cake\Http\Runner->__invoke(Object(Cake\Http\ServerRequest), Object(Cake\Http\Response))
#17 C:\wamp64\www\login\app\vendor\cakephp\cakephp\src\Http\Server.php(98): Cake\Http\Runner->run(Object(Cake\Http\MiddlewareQueue), Object(Cake\Http\ServerRequest), Object(Cake\Http\Response))
#18 C:\wamp64\www\login\app\webroot\index.php(40): Cake\Http\Server->run()
#19 {main}


2018-08-28 04:32:51 Error: [Cake\View\Exception\MissingLayoutException] Layout file "Layout\default.ctp" is missing.
Exception Attributes: array (
  'file' => 'Layout\\default.ctp',
)
Request URL: /vagas
Referer URL: http://localhost:8765/vagas/add
Stack Trace:
#0 C:\wamp64\www\login\app\vendor\cakephp\cakephp\src\View\View.php(832): Cake\View\View->_getLayoutFileName('default')
#1 C:\wamp64\www\login\app\vendor\cakephp\cakephp\src\View\View.php(808): Cake\View\View->renderLayout('', 'default')
#2 C:\wamp64\www\login\app\vendor\cakephp\cakephp\src\Controller\Controller.php(777): Cake\View\View->render(NULL, NULL)
#3 C:\wamp64\www\login\app\vendor\cakephp\cakephp\src\Http\ActionDispatcher.php(126): Cake\Controller\Controller->render()
#4 C:\wamp64\www\login\app\vendor\cakephp\cakephp\src\Http\ActionDispatcher.php(94): Cake\Http\ActionDispatcher->_invoke(Object(App\Controller\VagasController))
#5 C:\wamp64\www\login\app\vendor\cakephp\cakephp\src\Http\BaseApplication.php(235): Cake\Http\ActionDispatcher->dispatch(Object(Cake\Http\ServerRequest), Object(Cake\Http\Response))
#6 C:\wamp64\www\login\app\vendor\cakephp\cakephp\src\Http\Runner.php(65): Cake\Http\BaseApplication->__invoke(Object(Cake\Http\ServerRequest), Object(Cake\Http\Response), Object(Cake\Http\Runner))
#7 C:\wamp64\www\login\app\vendor\cakephp\cakephp\src\Http\Middleware\CsrfProtectionMiddleware.php(107): Cake\Http\Runner->__invoke(Object(Cake\Http\ServerRequest), Object(Cake\Http\Response))
#8 C:\wamp64\www\login\app\vendor\cakephp\cakephp\src\Http\Runner.php(65): Cake\Http\Middleware\CsrfProtectionMiddleware->__invoke(Object(Cake\Http\ServerRequest), Object(Cake\Http\Response), Object(Cake\Http\Runner))
#9 C:\wamp64\www\login\app\vendor\cakephp\cakephp\src\Routing\Middleware\RoutingMiddleware.php(156): Cake\Http\Runner->__invoke(Object(Cake\Http\ServerRequest), Object(Cake\Http\Response))
#10 C:\wamp64\www\login\app\vendor\cakephp\cakephp\src\Http\Runner.php(65): Cake\Routing\Middleware\RoutingMiddleware->__invoke(Object(Cake\Http\ServerRequest), Object(Cake\Http\Response), Object(Cake\Http\Runner))
#11 C:\wamp64\www\login\app\vendor\cakephp\cakephp\src\Routing\Middleware\AssetMiddleware.php(88): Cake\Http\Runner->__invoke(Object(Cake\Http\ServerRequest), Object(Cake\Http\Response))
#12 C:\wamp64\www\login\app\vendor\cakephp\cakephp\src\Http\Runner.php(65): Cake\Routing\Middleware\AssetMiddleware->__invoke(Object(Cake\Http\ServerRequest), Object(Cake\Http\Response), Object(Cake\Http\Runner))
#13 C:\wamp64\www\login\app\vendor\cakephp\cakephp\src\Error\Middleware\ErrorHandlerMiddleware.php(98): Cake\Http\Runner->__invoke(Object(Cake\Http\ServerRequest), Object(Cake\Http\Response))
#14 C:\wamp64\www\login\app\vendor\cakephp\cakephp\src\Http\Runner.php(65): Cake\Error\Middleware\ErrorHandlerMiddleware->__invoke(Object(Cake\Http\ServerRequest), Object(Cake\Http\Response), Object(Cake\Http\Runner))
#15 C:\wamp64\www\login\app\vendor\cakephp\debug_kit\src\Middleware\DebugKitMiddleware.php(53): Cake\Http\Runner->__invoke(Object(Cake\Http\ServerRequest), Object(Cake\Http\Response))
#16 C:\wamp64\www\login\app\vendor\cakephp\cakephp\src\Http\Runner.php(65): DebugKit\Middleware\DebugKitMiddleware->__invoke(Object(Cake\Http\ServerRequest), Object(Cake\Http\Response), Object(Cake\Http\Runner))
#17 C:\wamp64\www\login\app\vendor\cakephp\cakephp\src\Http\Runner.php(51): Cake\Http\Runner->__invoke(Object(Cake\Http\ServerRequest), Object(Cake\Http\Response))
#18 C:\wamp64\www\login\app\vendor\cakephp\cakephp\src\Http\Server.php(98): Cake\Http\Runner->run(Object(Cake\Http\MiddlewareQueue), Object(Cake\Http\ServerRequest), Object(Cake\Http\Response))
#19 C:\wamp64\www\login\app\webroot\index.php(40): Cake\Http\Server->run()
#20 {main}


2018-08-28 04:32:59 Error: [Cake\View\Exception\MissingLayoutException] Layout file "Layout\default.ctp" is missing.
Exception Attributes: array (
  'file' => 'Layout\\default.ctp',
)
Request URL: /vagas
Referer URL: http://localhost:8765/vagas/add
Stack Trace:
#0 C:\wamp64\www\login\app\vendor\cakephp\cakephp\src\View\View.php(832): Cake\View\View->_getLayoutFileName('default')
#1 C:\wamp64\www\login\app\vendor\cakephp\cakephp\src\View\View.php(808): Cake\View\View->renderLayout('', 'default')
#2 C:\wamp64\www\login\app\vendor\cakephp\cakephp\src\Controller\Controller.php(777): Cake\View\View->render(NULL, NULL)
#3 C:\wamp64\www\login\app\vendor\cakephp\cakephp\src\Http\ActionDispatcher.php(126): Cake\Controller\Controller->render()
#4 C:\wamp64\www\login\app\vendor\cakephp\cakephp\src\Http\ActionDispatcher.php(94): Cake\Http\ActionDispatcher->_invoke(Object(App\Controller\VagasController))
#5 C:\wamp64\www\login\app\vendor\cakephp\cakephp\src\Http\BaseApplication.php(235): Cake\Http\ActionDispatcher->dispatch(Object(Cake\Http\ServerRequest), Object(Cake\Http\Response))
#6 C:\wamp64\www\login\app\vendor\cakephp\cakephp\src\Http\Runner.php(65): Cake\Http\BaseApplication->__invoke(Object(Cake\Http\ServerRequest), Object(Cake\Http\Response), Object(Cake\Http\Runner))
#7 C:\wamp64\www\login\app\vendor\cakephp\cakephp\src\Http\Middleware\CsrfProtectionMiddleware.php(107): Cake\Http\Runner->__invoke(Object(Cake\Http\ServerRequest), Object(Cake\Http\Response))
#8 C:\wamp64\www\login\app\vendor\cakephp\cakephp\src\Http\Runner.php(65): Cake\Http\Middleware\CsrfProtectionMiddleware->__invoke(Object(Cake\Http\ServerRequest), Object(Cake\Http\Response), Object(Cake\Http\Runner))
#9 C:\wamp64\www\login\app\vendor\cakephp\cakephp\src\Routing\Middleware\RoutingMiddleware.php(156): Cake\Http\Runner->__invoke(Object(Cake\Http\ServerRequest), Object(Cake\Http\Response))
#10 C:\wamp64\www\login\app\vendor\cakephp\cakephp\src\Http\Runner.php(65): Cake\Routing\Middleware\RoutingMiddleware->__invoke(Object(Cake\Http\ServerRequest), Object(Cake\Http\Response), Object(Cake\Http\Runner))
#11 C:\wamp64\www\login\app\vendor\cakephp\cakephp\src\Routing\Middleware\AssetMiddleware.php(88): Cake\Http\Runner->__invoke(Object(Cake\Http\ServerRequest), Object(Cake\Http\Response))
#12 C:\wamp64\www\login\app\vendor\cakephp\cakephp\src\Http\Runner.php(65): Cake\Routing\Middleware\AssetMiddleware->__invoke(Object(Cake\Http\ServerRequest), Object(Cake\Http\Response), Object(Cake\Http\Runner))
#13 C:\wamp64\www\login\app\vendor\cakephp\cakephp\src\Error\Middleware\ErrorHandlerMiddleware.php(98): Cake\Http\Runner->__invoke(Object(Cake\Http\ServerRequest), Object(Cake\Http\Response))
#14 C:\wamp64\www\login\app\vendor\cakephp\cakephp\src\Http\Runner.php(65): Cake\Error\Middleware\ErrorHandlerMiddleware->__invoke(Object(Cake\Http\ServerRequest), Object(Cake\Http\Response), Object(Cake\Http\Runner))
#15 C:\wamp64\www\login\app\vendor\cakephp\debug_kit\src\Middleware\DebugKitMiddleware.php(53): Cake\Http\Runner->__invoke(Object(Cake\Http\ServerRequest), Object(Cake\Http\Response))
#16 C:\wamp64\www\login\app\vendor\cakephp\cakephp\src\Http\Runner.php(65): DebugKit\Middleware\DebugKitMiddleware->__invoke(Object(Cake\Http\ServerRequest), Object(Cake\Http\Response), Object(Cake\Http\Runner))
#17 C:\wamp64\www\login\app\vendor\cakephp\cakephp\src\Http\Runner.php(51): Cake\Http\Runner->__invoke(Object(Cake\Http\ServerRequest), Object(Cake\Http\Response))
#18 C:\wamp64\www\login\app\vendor\cakephp\cakephp\src\Http\Server.php(98): Cake\Http\Runner->run(Object(Cake\Http\MiddlewareQueue), Object(Cake\Http\ServerRequest), Object(Cake\Http\Response))
#19 C:\wamp64\www\login\app\webroot\index.php(40): Cake\Http\Server->run()
#20 {main}


2018-08-28 04:33:36 Error: [Cake\View\Exception\MissingLayoutException] Layout file "Layout\default.ctp" is missing.
Exception Attributes: array (
  'file' => 'Layout\\default.ctp',
)
Request URL: /vagas
Stack Trace:
#0 C:\wamp64\www\login\app\vendor\cakephp\cakephp\src\View\View.php(832): Cake\View\View->_getLayoutFileName('default')
#1 C:\wamp64\www\login\app\vendor\cakephp\cakephp\src\View\View.php(808): Cake\View\View->renderLayout('', 'default')
#2 C:\wamp64\www\login\app\vendor\cakephp\cakephp\src\Controller\Controller.php(777): Cake\View\View->render(NULL, NULL)
#3 C:\wamp64\www\login\app\vendor\cakephp\cakephp\src\Http\ActionDispatcher.php(126): Cake\Controller\Controller->render()
#4 C:\wamp64\www\login\app\vendor\cakephp\cakephp\src\Http\ActionDispatcher.php(94): Cake\Http\ActionDispatcher->_invoke(Object(App\Controller\VagasController))
#5 C:\wamp64\www\login\app\vendor\cakephp\cakephp\src\Http\BaseApplication.php(235): Cake\Http\ActionDispatcher->dispatch(Object(Cake\Http\ServerRequest), Object(Cake\Http\Response))
#6 C:\wamp64\www\login\app\vendor\cakephp\cakephp\src\Http\Runner.php(65): Cake\Http\BaseApplication->__invoke(Object(Cake\Http\ServerRequest), Object(Cake\Http\Response), Object(Cake\Http\Runner))
#7 C:\wamp64\www\login\app\vendor\cakephp\cakephp\src\Http\Middleware\CsrfProtectionMiddleware.php(107): Cake\Http\Runner->__invoke(Object(Cake\Http\ServerRequest), Object(Cake\Http\Response))
#8 C:\wamp64\www\login\app\vendor\cakephp\cakephp\src\Http\Runner.php(65): Cake\Http\Middleware\CsrfProtectionMiddleware->__invoke(Object(Cake\Http\ServerRequest), Object(Cake\Http\Response), Object(Cake\Http\Runner))
#9 C:\wamp64\www\login\app\vendor\cakephp\cakephp\src\Routing\Middleware\RoutingMiddleware.php(156): Cake\Http\Runner->__invoke(Object(Cake\Http\ServerRequest), Object(Cake\Http\Response))
#10 C:\wamp64\www\login\app\vendor\cakephp\cakephp\src\Http\Runner.php(65): Cake\Routing\Middleware\RoutingMiddleware->__invoke(Object(Cake\Http\ServerRequest), Object(Cake\Http\Response), Object(Cake\Http\Runner))
#11 C:\wamp64\www\login\app\vendor\cakephp\cakephp\src\Routing\Middleware\AssetMiddleware.php(88): Cake\Http\Runner->__invoke(Object(Cake\Http\ServerRequest), Object(Cake\Http\Response))
#12 C:\wamp64\www\login\app\vendor\cakephp\cakephp\src\Http\Runner.php(65): Cake\Routing\Middleware\AssetMiddleware->__invoke(Object(Cake\Http\ServerRequest), Object(Cake\Http\Response), Object(Cake\Http\Runner))
#13 C:\wamp64\www\login\app\vendor\cakephp\cakephp\src\Error\Middleware\ErrorHandlerMiddleware.php(98): Cake\Http\Runner->__invoke(Object(Cake\Http\ServerRequest), Object(Cake\Http\Response))
#14 C:\wamp64\www\login\app\vendor\cakephp\cakephp\src\Http\Runner.php(65): Cake\Error\Middleware\ErrorHandlerMiddleware->__invoke(Object(Cake\Http\ServerRequest), Object(Cake\Http\Response), Object(Cake\Http\Runner))
#15 C:\wamp64\www\login\app\vendor\cakephp\debug_kit\src\Middleware\DebugKitMiddleware.php(53): Cake\Http\Runner->__invoke(Object(Cake\Http\ServerRequest), Object(Cake\Http\Response))
#16 C:\wamp64\www\login\app\vendor\cakephp\cakephp\src\Http\Runner.php(65): DebugKit\Middleware\DebugKitMiddleware->__invoke(Object(Cake\Http\ServerRequest), Object(Cake\Http\Response), Object(Cake\Http\Runner))
#17 C:\wamp64\www\login\app\vendor\cakephp\cakephp\src\Http\Runner.php(51): Cake\Http\Runner->__invoke(Object(Cake\Http\ServerRequest), Object(Cake\Http\Response))
#18 C:\wamp64\www\login\app\vendor\cakephp\cakephp\src\Http\Server.php(98): Cake\Http\Runner->run(Object(Cake\Http\MiddlewareQueue), Object(Cake\Http\ServerRequest), Object(Cake\Http\Response))
#19 C:\wamp64\www\login\app\webroot\index.php(40): Cake\Http\Server->run()
#20 {main}


2018-08-28 04:33:40 Error: [Cake\View\Exception\MissingLayoutException] Layout file "Layout\default.ctp" is missing.
Exception Attributes: array (
  'file' => 'Layout\\default.ctp',
)
Request URL: /funcionarios
Stack Trace:
#0 C:\wamp64\www\login\app\vendor\cakephp\cakephp\src\View\View.php(832): Cake\View\View->_getLayoutFileName('default')
#1 C:\wamp64\www\login\app\vendor\cakephp\cakephp\src\View\View.php(808): Cake\View\View->renderLayout('', 'default')
#2 C:\wamp64\www\login\app\vendor\cakephp\cakephp\src\Controller\Controller.php(777): Cake\View\View->render(NULL, NULL)
#3 C:\wamp64\www\login\app\vendor\cakephp\cakephp\src\Http\ActionDispatcher.php(126): Cake\Controller\Controller->render()
#4 C:\wamp64\www\login\app\vendor\cakephp\cakephp\src\Http\ActionDispatcher.php(94): Cake\Http\ActionDispatcher->_invoke(Object(App\Controller\FuncionariosController))
#5 C:\wamp64\www\login\app\vendor\cakephp\cakephp\src\Http\BaseApplication.php(235): Cake\Http\ActionDispatcher->dispatch(Object(Cake\Http\ServerRequest), Object(Cake\Http\Response))
#6 C:\wamp64\www\login\app\vendor\cakephp\cakephp\src\Http\Runner.php(65): Cake\Http\BaseApplication->__invoke(Object(Cake\Http\ServerRequest), Object(Cake\Http\Response), Object(Cake\Http\Runner))
#7 C:\wamp64\www\login\app\vendor\cakephp\cakephp\src\Http\Middleware\CsrfProtectionMiddleware.php(107): Cake\Http\Runner->__invoke(Object(Cake\Http\ServerRequest), Object(Cake\Http\Response))
#8 C:\wamp64\www\login\app\vendor\cakephp\cakephp\src\Http\Runner.php(65): Cake\Http\Middleware\CsrfProtectionMiddleware->__invoke(Object(Cake\Http\ServerRequest), Object(Cake\Http\Response), Object(Cake\Http\Runner))
#9 C:\wamp64\www\login\app\vendor\cakephp\cakephp\src\Routing\Middleware\RoutingMiddleware.php(156): Cake\Http\Runner->__invoke(Object(Cake\Http\ServerRequest), Object(Cake\Http\Response))
#10 C:\wamp64\www\login\app\vendor\cakephp\cakephp\src\Http\Runner.php(65): Cake\Routing\Middleware\RoutingMiddleware->__invoke(Object(Cake\Http\ServerRequest), Object(Cake\Http\Response), Object(Cake\Http\Runner))
#11 C:\wamp64\www\login\app\vendor\cakephp\cakephp\src\Routing\Middleware\AssetMiddleware.php(88): Cake\Http\Runner->__invoke(Object(Cake\Http\ServerRequest), Object(Cake\Http\Response))
#12 C:\wamp64\www\login\app\vendor\cakephp\cakephp\src\Http\Runner.php(65): Cake\Routing\Middleware\AssetMiddleware->__invoke(Object(Cake\Http\ServerRequest), Object(Cake\Http\Response), Object(Cake\Http\Runner))
#13 C:\wamp64\www\login\app\vendor\cakephp\cakephp\src\Error\Middleware\ErrorHandlerMiddleware.php(98): Cake\Http\Runner->__invoke(Object(Cake\Http\ServerRequest), Object(Cake\Http\Response))
#14 C:\wamp64\www\login\app\vendor\cakephp\cakephp\src\Http\Runner.php(65): Cake\Error\Middleware\ErrorHandlerMiddleware->__invoke(Object(Cake\Http\ServerRequest), Object(Cake\Http\Response), Object(Cake\Http\Runner))
#15 C:\wamp64\www\login\app\vendor\cakephp\debug_kit\src\Middleware\DebugKitMiddleware.php(53): Cake\Http\Runner->__invoke(Object(Cake\Http\ServerRequest), Object(Cake\Http\Response))
#16 C:\wamp64\www\login\app\vendor\cakephp\cakephp\src\Http\Runner.php(65): DebugKit\Middleware\DebugKitMiddleware->__invoke(Object(Cake\Http\ServerRequest), Object(Cake\Http\Response), Object(Cake\Http\Runner))
#17 C:\wamp64\www\login\app\vendor\cakephp\cakephp\src\Http\Runner.php(51): Cake\Http\Runner->__invoke(Object(Cake\Http\ServerRequest), Object(Cake\Http\Response))
#18 C:\wamp64\www\login\app\vendor\cakephp\cakephp\src\Http\Server.php(98): Cake\Http\Runner->run(Object(Cake\Http\MiddlewareQueue), Object(Cake\Http\ServerRequest), Object(Cake\Http\Response))
#19 C:\wamp64\www\login\app\webroot\index.php(40): Cake\Http\Server->run()
#20 {main}


2018-08-28 04:33:41 Error: [Cake\View\Exception\MissingLayoutException] Layout file "Layout\default.ctp" is missing.
Exception Attributes: array (
  'file' => 'Layout\\default.ctp',
)
Request URL: /funcionarios
Stack Trace:
#0 C:\wamp64\www\login\app\vendor\cakephp\cakephp\src\View\View.php(832): Cake\View\View->_getLayoutFileName('default')
#1 C:\wamp64\www\login\app\vendor\cakephp\cakephp\src\View\View.php(808): Cake\View\View->renderLayout('', 'default')
#2 C:\wamp64\www\login\app\vendor\cakephp\cakephp\src\Controller\Controller.php(777): Cake\View\View->render(NULL, NULL)
#3 C:\wamp64\www\login\app\vendor\cakephp\cakephp\src\Http\ActionDispatcher.php(126): Cake\Controller\Controller->render()
#4 C:\wamp64\www\login\app\vendor\cakephp\cakephp\src\Http\ActionDispatcher.php(94): Cake\Http\ActionDispatcher->_invoke(Object(App\Controller\FuncionariosController))
#5 C:\wamp64\www\login\app\vendor\cakephp\cakephp\src\Http\BaseApplication.php(235): Cake\Http\ActionDispatcher->dispatch(Object(Cake\Http\ServerRequest), Object(Cake\Http\Response))
#6 C:\wamp64\www\login\app\vendor\cakephp\cakephp\src\Http\Runner.php(65): Cake\Http\BaseApplication->__invoke(Object(Cake\Http\ServerRequest), Object(Cake\Http\Response), Object(Cake\Http\Runner))
#7 C:\wamp64\www\login\app\vendor\cakephp\cakephp\src\Http\Middleware\CsrfProtectionMiddleware.php(107): Cake\Http\Runner->__invoke(Object(Cake\Http\ServerRequest), Object(Cake\Http\Response))
#8 C:\wamp64\www\login\app\vendor\cakephp\cakephp\src\Http\Runner.php(65): Cake\Http\Middleware\CsrfProtectionMiddleware->__invoke(Object(Cake\Http\ServerRequest), Object(Cake\Http\Response), Object(Cake\Http\Runner))
#9 C:\wamp64\www\login\app\vendor\cakephp\cakephp\src\Routing\Middleware\RoutingMiddleware.php(156): Cake\Http\Runner->__invoke(Object(Cake\Http\ServerRequest), Object(Cake\Http\Response))
#10 C:\wamp64\www\login\app\vendor\cakephp\cakephp\src\Http\Runner.php(65): Cake\Routing\Middleware\RoutingMiddleware->__invoke(Object(Cake\Http\ServerRequest), Object(Cake\Http\Response), Object(Cake\Http\Runner))
#11 C:\wamp64\www\login\app\vendor\cakephp\cakephp\src\Routing\Middleware\AssetMiddleware.php(88): Cake\Http\Runner->__invoke(Object(Cake\Http\ServerRequest), Object(Cake\Http\Response))
#12 C:\wamp64\www\login\app\vendor\cakephp\cakephp\src\Http\Runner.php(65): Cake\Routing\Middleware\AssetMiddleware->__invoke(Object(Cake\Http\ServerRequest), Object(Cake\Http\Response), Object(Cake\Http\Runner))
#13 C:\wamp64\www\login\app\vendor\cakephp\cakephp\src\Error\Middleware\ErrorHandlerMiddleware.php(98): Cake\Http\Runner->__invoke(Object(Cake\Http\ServerRequest), Object(Cake\Http\Response))
#14 C:\wamp64\www\login\app\vendor\cakephp\cakephp\src\Http\Runner.php(65): Cake\Error\Middleware\ErrorHandlerMiddleware->__invoke(Object(Cake\Http\ServerRequest), Object(Cake\Http\Response), Object(Cake\Http\Runner))
#15 C:\wamp64\www\login\app\vendor\cakephp\debug_kit\src\Middleware\DebugKitMiddleware.php(53): Cake\Http\Runner->__invoke(Object(Cake\Http\ServerRequest), Object(Cake\Http\Response))
#16 C:\wamp64\www\login\app\vendor\cakephp\cakephp\src\Http\Runner.php(65): DebugKit\Middleware\DebugKitMiddleware->__invoke(Object(Cake\Http\ServerRequest), Object(Cake\Http\Response), Object(Cake\Http\Runner))
#17 C:\wamp64\www\login\app\vendor\cakephp\cakephp\src\Http\Runner.php(51): Cake\Http\Runner->__invoke(Object(Cake\Http\ServerRequest), Object(Cake\Http\Response))
#18 C:\wamp64\www\login\app\vendor\cakephp\cakephp\src\Http\Server.php(98): Cake\Http\Runner->run(Object(Cake\Http\MiddlewareQueue), Object(Cake\Http\ServerRequest), Object(Cake\Http\Response))
#19 C:\wamp64\www\login\app\webroot\index.php(40): Cake\Http\Server->run()
#20 {main}


2018-08-28 03:52:39 Error: Fatal Error (1): Call to a member function newEntity() on boolean in [C:\wamp64\www\login\app\src\Controller\FuncionariosController.php, line 22]
Request URL: /funcionarios/add
Referer URL: http://localhost:8765/vagas
Trace:
Cake\Error\BaseErrorHandler::handleFatalError() - CORE\src\Error\BaseErrorHandler.php, line 229
Cake\Error\BaseErrorHandler::Cake\Error\{closure}() - CORE\src\Error\BaseErrorHandler.php, line 110
[main] - [internal], line ??



2018-08-28 03:52:39 Error: [Cake\Error\FatalErrorException] Call to a member function newEntity() on boolean in C:\wamp64\www\login\app\src\Controller\FuncionariosController.php on line 22
Request URL: /funcionarios/add
Referer URL: http://localhost:8765/vagas
Stack Trace:
#0 C:\wamp64\www\login\app\vendor\cakephp\cakephp\src\Error\BaseErrorHandler.php(110): Cake\Error\BaseErrorHandler->handleFatalError(1, 'Call to a membe...', 'C:\\wamp64\\www\\l...', 22)
#1 [internal function]: Cake\Error\BaseErrorHandler->Cake\Error\{closure}()
#2 {main}


2018-08-28 07:51:39 Error: [Cake\Http\Exception\NotFoundException] Please replace src/Template/Pages/home.ctp with your own version or re-enable debug mode.
Request URL: /
Stack Trace:
#0 C:\wamp64\www\login\app\vendor\cakephp\cakephp\src\View\View.php(1240): include()
#1 C:\wamp64\www\login\app\vendor\cakephp\cakephp\src\View\View.php(1201): Cake\View\View->_evaluate('C:\\wamp64\\www\\l...', Array)
#2 C:\wamp64\www\login\app\vendor\cakephp\cakephp\src\View\View.php(803): Cake\View\View->_render('C:\\wamp64\\www\\l...')
#3 C:\wamp64\www\login\app\vendor\cakephp\cakephp\src\Controller\Controller.php(777): Cake\View\View->render('home', NULL)
#4 C:\wamp64\www\login\app\src\Controller\PagesController.php(61): Cake\Controller\Controller->render('home')
#5 C:\wamp64\www\login\app\vendor\cakephp\cakephp\src\Controller\Controller.php(596): App\Controller\PagesController->display('home')
#6 C:\wamp64\www\login\app\vendor\cakephp\cakephp\src\Http\ActionDispatcher.php(120): Cake\Controller\Controller->invokeAction()
#7 C:\wamp64\www\login\app\vendor\cakephp\cakephp\src\Http\ActionDispatcher.php(94): Cake\Http\ActionDispatcher->_invoke(Object(App\Controller\PagesController))
#8 C:\wamp64\www\login\app\vendor\cakephp\cakephp\src\Http\BaseApplication.php(235): Cake\Http\ActionDispatcher->dispatch(Object(Cake\Http\ServerRequest), Object(Cake\Http\Response))
#9 C:\wamp64\www\login\app\vendor\cakephp\cakephp\src\Http\Runner.php(65): Cake\Http\BaseApplication->__invoke(Object(Cake\Http\ServerRequest), Object(Cake\Http\Response), Object(Cake\Http\Runner))
#10 C:\wamp64\www\login\app\vendor\cakephp\cakephp\src\Http\Middleware\CsrfProtectionMiddleware.php(107): Cake\Http\Runner->__invoke(Object(Cake\Http\ServerRequest), Object(Cake\Http\Response))
#11 C:\wamp64\www\login\app\vendor\cakephp\cakephp\src\Http\Runner.php(65): Cake\Http\Middleware\CsrfProtectionMiddleware->__invoke(Object(Cake\Http\ServerRequest), Object(Cake\Http\Response), Object(Cake\Http\Runner))
#12 C:\wamp64\www\login\app\vendor\cakephp\cakephp\src\Routing\Middleware\RoutingMiddleware.php(156): Cake\Http\Runner->__invoke(Object(Cake\Http\ServerRequest), Object(Cake\Http\Response))
#13 C:\wamp64\www\login\app\vendor\cakephp\cakephp\src\Http\Runner.php(65): Cake\Routing\Middleware\RoutingMiddleware->__invoke(Object(Cake\Http\ServerRequest), Object(Cake\Http\Response), Object(Cake\Http\Runner))
#14 C:\wamp64\www\login\app\vendor\cakephp\cakephp\src\Routing\Middleware\AssetMiddleware.php(88): Cake\Http\Runner->__invoke(Object(Cake\Http\ServerRequest), Object(Cake\Http\Response))
#15 C:\wamp64\www\login\app\vendor\cakephp\cakephp\src\Http\Runner.php(65): Cake\Routing\Middleware\AssetMiddleware->__invoke(Object(Cake\Http\ServerRequest), Object(Cake\Http\Response), Object(Cake\Http\Runner))
#16 C:\wamp64\www\login\app\vendor\cakephp\cakephp\src\Error\Middleware\ErrorHandlerMiddleware.php(98): Cake\Http\Runner->__invoke(Object(Cake\Http\ServerRequest), Object(Cake\Http\Response))
#17 C:\wamp64\www\login\app\vendor\cakephp\cakephp\src\Http\Runner.php(65): Cake\Error\Middleware\ErrorHandlerMiddleware->__invoke(Object(Cake\Http\ServerRequest), Object(Cake\Http\Response), Object(Cake\Http\Runner))
#18 C:\wamp64\www\login\app\vendor\cakephp\cakephp\src\Http\Runner.php(51): Cake\Http\Runner->__invoke(Object(Cake\Http\ServerRequest), Object(Cake\Http\Response))
#19 C:\wamp64\www\login\app\vendor\cakephp\cakephp\src\Http\Server.php(98): Cake\Http\Runner->run(Object(Cake\Http\MiddlewareQueue), Object(Cake\Http\ServerRequest), Object(Cake\Http\Response))
#20 C:\wamp64\www\login\app\webroot\index.php(40): Cake\Http\Server->run()
#21 {main}


2018-08-28 07:51:39 Error: [Cake\Http\Exception\NotFoundException] Please replace src/Template/Pages/home.ctp with your own version or re-enable debug mode.
Request URL: /
Stack Trace:
#0 C:\wamp64\www\login\app\vendor\cakephp\cakephp\src\View\View.php(1240): include()
#1 C:\wamp64\www\login\app\vendor\cakephp\cakephp\src\View\View.php(1201): Cake\View\View->_evaluate('C:\\wamp64\\www\\l...', Array)
#2 C:\wamp64\www\login\app\vendor\cakephp\cakephp\src\View\View.php(803): Cake\View\View->_render('C:\\wamp64\\www\\l...')
#3 C:\wamp64\www\login\app\vendor\cakephp\cakephp\src\Controller\Controller.php(777): Cake\View\View->render('home', NULL)
#4 C:\wamp64\www\login\app\src\Controller\PagesController.php(61): Cake\Controller\Controller->render('home')
#5 C:\wamp64\www\login\app\vendor\cakephp\cakephp\src\Controller\Controller.php(596): App\Controller\PagesController->display('home')
#6 C:\wamp64\www\login\app\vendor\cakephp\cakephp\src\Http\ActionDispatcher.php(120): Cake\Controller\Controller->invokeAction()
#7 C:\wamp64\www\login\app\vendor\cakephp\cakephp\src\Http\ActionDispatcher.php(94): Cake\Http\ActionDispatcher->_invoke(Object(App\Controller\PagesController))
#8 C:\wamp64\www\login\app\vendor\cakephp\cakephp\src\Http\BaseApplication.php(235): Cake\Http\ActionDispatcher->dispatch(Object(Cake\Http\ServerRequest), Object(Cake\Http\Response))
#9 C:\wamp64\www\login\app\vendor\cakephp\cakephp\src\Http\Runner.php(65): Cake\Http\BaseApplication->__invoke(Object(Cake\Http\ServerRequest), Object(Cake\Http\Response), Object(Cake\Http\Runner))
#10 C:\wamp64\www\login\app\vendor\cakephp\cakephp\src\Http\Middleware\CsrfProtectionMiddleware.php(107): Cake\Http\Runner->__invoke(Object(Cake\Http\ServerRequest), Object(Cake\Http\Response))
#11 C:\wamp64\www\login\app\vendor\cakephp\cakephp\src\Http\Runner.php(65): Cake\Http\Middleware\CsrfProtectionMiddleware->__invoke(Object(Cake\Http\ServerRequest), Object(Cake\Http\Response), Object(Cake\Http\Runner))
#12 C:\wamp64\www\login\app\vendor\cakephp\cakephp\src\Routing\Middleware\RoutingMiddleware.php(156): Cake\Http\Runner->__invoke(Object(Cake\Http\ServerRequest), Object(Cake\Http\Response))
#13 C:\wamp64\www\login\app\vendor\cakephp\cakephp\src\Http\Runner.php(65): Cake\Routing\Middleware\RoutingMiddleware->__invoke(Object(Cake\Http\ServerRequest), Object(Cake\Http\Response), Object(Cake\Http\Runner))
#14 C:\wamp64\www\login\app\vendor\cakephp\cakephp\src\Routing\Middleware\AssetMiddleware.php(88): Cake\Http\Runner->__invoke(Object(Cake\Http\ServerRequest), Object(Cake\Http\Response))
#15 C:\wamp64\www\login\app\vendor\cakephp\cakephp\src\Http\Runner.php(65): Cake\Routing\Middleware\AssetMiddleware->__invoke(Object(Cake\Http\ServerRequest), Object(Cake\Http\Response), Object(Cake\Http\Runner))
#16 C:\wamp64\www\login\app\vendor\cakephp\cakephp\src\Error\Middleware\ErrorHandlerMiddleware.php(98): Cake\Http\Runner->__invoke(Object(Cake\Http\ServerRequest), Object(Cake\Http\Response))
#17 C:\wamp64\www\login\app\vendor\cakephp\cakephp\src\Http\Runner.php(65): Cake\Error\Middleware\ErrorHandlerMiddleware->__invoke(Object(Cake\Http\ServerRequest), Object(Cake\Http\Response), Object(Cake\Http\Runner))
#18 C:\wamp64\www\login\app\vendor\cakephp\cakephp\src\Http\Runner.php(51): Cake\Http\Runner->__invoke(Object(Cake\Http\ServerRequest), Object(Cake\Http\Response))
#19 C:\wamp64\www\login\app\vendor\cakephp\cakephp\src\Http\Server.php(98): Cake\Http\Runner->run(Object(Cake\Http\MiddlewareQueue), Object(Cake\Http\ServerRequest), Object(Cake\Http\Response))
#20 C:\wamp64\www\login\app\webroot\index.php(40): Cake\Http\Server->run()
#21 {main}


2018-08-28 08:32:49 Error: [Cake\Http\Exception\NotFoundException] Please replace src/Template/Pages/home.ctp with your own version or re-enable debug mode.
Request URL: /
Stack Trace:
#0 C:\wamp64\www\login\app\vendor\cakephp\cakephp\src\View\View.php(1240): include()
#1 C:\wamp64\www\login\app\vendor\cakephp\cakephp\src\View\View.php(1201): Cake\View\View->_evaluate('C:\\wamp64\\www\\l...', Array)
#2 C:\wamp64\www\login\app\vendor\cakephp\cakephp\src\View\View.php(803): Cake\View\View->_render('C:\\wamp64\\www\\l...')
#3 C:\wamp64\www\login\app\vendor\cakephp\cakephp\src\Controller\Controller.php(777): Cake\View\View->render('home', NULL)
#4 C:\wamp64\www\login\app\src\Controller\PagesController.php(61): Cake\Controller\Controller->render('home')
#5 C:\wamp64\www\login\app\vendor\cakephp\cakephp\src\Controller\Controller.php(596): App\Controller\PagesController->display('home')
#6 C:\wamp64\www\login\app\vendor\cakephp\cakephp\src\Http\ActionDispatcher.php(120): Cake\Controller\Controller->invokeAction()
#7 C:\wamp64\www\login\app\vendor\cakephp\cakephp\src\Http\ActionDispatcher.php(94): Cake\Http\ActionDispatcher->_invoke(Object(App\Controller\PagesController))
#8 C:\wamp64\www\login\app\vendor\cakephp\cakephp\src\Http\BaseApplication.php(235): Cake\Http\ActionDispatcher->dispatch(Object(Cake\Http\ServerRequest), Object(Cake\Http\Response))
#9 C:\wamp64\www\login\app\vendor\cakephp\cakephp\src\Http\Runner.php(65): Cake\Http\BaseApplication->__invoke(Object(Cake\Http\ServerRequest), Object(Cake\Http\Response), Object(Cake\Http\Runner))
#10 C:\wamp64\www\login\app\vendor\cakephp\cakephp\src\Http\Middleware\CsrfProtectionMiddleware.php(107): Cake\Http\Runner->__invoke(Object(Cake\Http\ServerRequest), Object(Cake\Http\Response))
#11 C:\wamp64\www\login\app\vendor\cakephp\cakephp\src\Http\Runner.php(65): Cake\Http\Middleware\CsrfProtectionMiddleware->__invoke(Object(Cake\Http\ServerRequest), Object(Cake\Http\Response), Object(Cake\Http\Runner))
#12 C:\wamp64\www\login\app\vendor\cakephp\cakephp\src\Routing\Middleware\RoutingMiddleware.php(156): Cake\Http\Runner->__invoke(Object(Cake\Http\ServerRequest), Object(Cake\Http\Response))
#13 C:\wamp64\www\login\app\vendor\cakephp\cakephp\src\Http\Runner.php(65): Cake\Routing\Middleware\RoutingMiddleware->__invoke(Object(Cake\Http\ServerRequest), Object(Cake\Http\Response), Object(Cake\Http\Runner))
#14 C:\wamp64\www\login\app\vendor\cakephp\cakephp\src\Routing\Middleware\AssetMiddleware.php(88): Cake\Http\Runner->__invoke(Object(Cake\Http\ServerRequest), Object(Cake\Http\Response))
#15 C:\wamp64\www\login\app\vendor\cakephp\cakephp\src\Http\Runner.php(65): Cake\Routing\Middleware\AssetMiddleware->__invoke(Object(Cake\Http\ServerRequest), Object(Cake\Http\Response), Object(Cake\Http\Runner))
#16 C:\wamp64\www\login\app\vendor\cakephp\cakephp\src\Error\Middleware\ErrorHandlerMiddleware.php(98): Cake\Http\Runner->__invoke(Object(Cake\Http\ServerRequest), Object(Cake\Http\Response))
#17 C:\wamp64\www\login\app\vendor\cakephp\cakephp\src\Http\Runner.php(65): Cake\Error\Middleware\ErrorHandlerMiddleware->__invoke(Object(Cake\Http\ServerRequest), Object(Cake\Http\Response), Object(Cake\Http\Runner))
#18 C:\wamp64\www\login\app\vendor\cakephp\cakephp\src\Http\Runner.php(51): Cake\Http\Runner->__invoke(Object(Cake\Http\ServerRequest), Object(Cake\Http\Response))
#19 C:\wamp64\www\login\app\vendor\cakephp\cakephp\src\Http\Server.php(98): Cake\Http\Runner->run(Object(Cake\Http\MiddlewareQueue), Object(Cake\Http\ServerRequest), Object(Cake\Http\Response))
#20 C:\wamp64\www\login\app\webroot\index.php(40): Cake\Http\Server->run()
#21 {main}


2018-08-28 08:32:49 Error: [Cake\Http\Exception\NotFoundException] Please replace src/Template/Pages/home.ctp with your own version or re-enable debug mode.
Request URL: /
Stack Trace:
#0 C:\wamp64\www\login\app\vendor\cakephp\cakephp\src\View\View.php(1240): include()
#1 C:\wamp64\www\login\app\vendor\cakephp\cakephp\src\View\View.php(1201): Cake\View\View->_evaluate('C:\\wamp64\\www\\l...', Array)
#2 C:\wamp64\www\login\app\vendor\cakephp\cakephp\src\View\View.php(803): Cake\View\View->_render('C:\\wamp64\\www\\l...')
#3 C:\wamp64\www\login\app\vendor\cakephp\cakephp\src\Controller\Controller.php(777): Cake\View\View->render('home', NULL)
#4 C:\wamp64\www\login\app\src\Controller\PagesController.php(61): Cake\Controller\Controller->render('home')
#5 C:\wamp64\www\login\app\vendor\cakephp\cakephp\src\Controller\Controller.php(596): App\Controller\PagesController->display('home')
#6 C:\wamp64\www\login\app\vendor\cakephp\cakephp\src\Http\ActionDispatcher.php(120): Cake\Controller\Controller->invokeAction()
#7 C:\wamp64\www\login\app\vendor\cakephp\cakephp\src\Http\ActionDispatcher.php(94): Cake\Http\ActionDispatcher->_invoke(Object(App\Controller\PagesController))
#8 C:\wamp64\www\login\app\vendor\cakephp\cakephp\src\Http\BaseApplication.php(235): Cake\Http\ActionDispatcher->dispatch(Object(Cake\Http\ServerRequest), Object(Cake\Http\Response))
#9 C:\wamp64\www\login\app\vendor\cakephp\cakephp\src\Http\Runner.php(65): Cake\Http\BaseApplication->__invoke(Object(Cake\Http\ServerRequest), Object(Cake\Http\Response), Object(Cake\Http\Runner))
#10 C:\wamp64\www\login\app\vendor\cakephp\cakephp\src\Http\Middleware\CsrfProtectionMiddleware.php(107): Cake\Http\Runner->__invoke(Object(Cake\Http\ServerRequest), Object(Cake\Http\Response))
#11 C:\wamp64\www\login\app\vendor\cakephp\cakephp\src\Http\Runner.php(65): Cake\Http\Middleware\CsrfProtectionMiddleware->__invoke(Object(Cake\Http\ServerRequest), Object(Cake\Http\Response), Object(Cake\Http\Runner))
#12 C:\wamp64\www\login\app\vendor\cakephp\cakephp\src\Routing\Middleware\RoutingMiddleware.php(156): Cake\Http\Runner->__invoke(Object(Cake\Http\ServerRequest), Object(Cake\Http\Response))
#13 C:\wamp64\www\login\app\vendor\cakephp\cakephp\src\Http\Runner.php(65): Cake\Routing\Middleware\RoutingMiddleware->__invoke(Object(Cake\Http\ServerRequest), Object(Cake\Http\Response), Object(Cake\Http\Runner))
#14 C:\wamp64\www\login\app\vendor\cakephp\cakephp\src\Routing\Middleware\AssetMiddleware.php(88): Cake\Http\Runner->__invoke(Object(Cake\Http\ServerRequest), Object(Cake\Http\Response))
#15 C:\wamp64\www\login\app\vendor\cakephp\cakephp\src\Http\Runner.php(65): Cake\Routing\Middleware\AssetMiddleware->__invoke(Object(Cake\Http\ServerRequest), Object(Cake\Http\Response), Object(Cake\Http\Runner))
#16 C:\wamp64\www\login\app\vendor\cakephp\cakephp\src\Error\Middleware\ErrorHandlerMiddleware.php(98): Cake\Http\Runner->__invoke(Object(Cake\Http\ServerRequest), Object(Cake\Http\Response))
#17 C:\wamp64\www\login\app\vendor\cakephp\cakephp\src\Http\Runner.php(65): Cake\Error\Middleware\ErrorHandlerMiddleware->__invoke(Object(Cake\Http\ServerRequest), Object(Cake\Http\Response), Object(Cake\Http\Runner))
#18 C:\wamp64\www\login\app\vendor\cakephp\cakephp\src\Http\Runner.php(51): Cake\Http\Runner->__invoke(Object(Cake\Http\ServerRequest), Object(Cake\Http\Response))
#19 C:\wamp64\www\login\app\vendor\cakephp\cakephp\src\Http\Server.php(98): Cake\Http\Runner->run(Object(Cake\Http\MiddlewareQueue), Object(Cake\Http\ServerRequest), Object(Cake\Http\Response))
#20 C:\wamp64\www\login\app\webroot\index.php(40): Cake\Http\Server->run()
#21 {main}


2018-08-28 08:32:54 Error: [Cake\Http\Exception\NotFoundException] Please replace src/Template/Pages/home.ctp with your own version or re-enable debug mode.
Request URL: /
Stack Trace:
#0 C:\wamp64\www\login\app\vendor\cakephp\cakephp\src\View\View.php(1240): include()
#1 C:\wamp64\www\login\app\vendor\cakephp\cakephp\src\View\View.php(1201): Cake\View\View->_evaluate('C:\\wamp64\\www\\l...', Array)
#2 C:\wamp64\www\login\app\vendor\cakephp\cakephp\src\View\View.php(803): Cake\View\View->_render('C:\\wamp64\\www\\l...')
#3 C:\wamp64\www\login\app\vendor\cakephp\cakephp\src\Controller\Controller.php(777): Cake\View\View->render('home', NULL)
#4 C:\wamp64\www\login\app\src\Controller\PagesController.php(61): Cake\Controller\Controller->render('home')
#5 C:\wamp64\www\login\app\vendor\cakephp\cakephp\src\Controller\Controller.php(596): App\Controller\PagesController->display('home')
#6 C:\wamp64\www\login\app\vendor\cakephp\cakephp\src\Http\ActionDispatcher.php(120): Cake\Controller\Controller->invokeAction()
#7 C:\wamp64\www\login\app\vendor\cakephp\cakephp\src\Http\ActionDispatcher.php(94): Cake\Http\ActionDispatcher->_invoke(Object(App\Controller\PagesController))
#8 C:\wamp64\www\login\app\vendor\cakephp\cakephp\src\Http\BaseApplication.php(235): Cake\Http\ActionDispatcher->dispatch(Object(Cake\Http\ServerRequest), Object(Cake\Http\Response))
#9 C:\wamp64\www\login\app\vendor\cakephp\cakephp\src\Http\Runner.php(65): Cake\Http\BaseApplication->__invoke(Object(Cake\Http\ServerRequest), Object(Cake\Http\Response), Object(Cake\Http\Runner))
#10 C:\wamp64\www\login\app\vendor\cakephp\cakephp\src\Http\Middleware\CsrfProtectionMiddleware.php(107): Cake\Http\Runner->__invoke(Object(Cake\Http\ServerRequest), Object(Cake\Http\Response))
#11 C:\wamp64\www\login\app\vendor\cakephp\cakephp\src\Http\Runner.php(65): Cake\Http\Middleware\CsrfProtectionMiddleware->__invoke(Object(Cake\Http\ServerRequest), Object(Cake\Http\Response), Object(Cake\Http\Runner))
#12 C:\wamp64\www\login\app\vendor\cakephp\cakephp\src\Routing\Middleware\RoutingMiddleware.php(156): Cake\Http\Runner->__invoke(Object(Cake\Http\ServerRequest), Object(Cake\Http\Response))
#13 C:\wamp64\www\login\app\vendor\cakephp\cakephp\src\Http\Runner.php(65): Cake\Routing\Middleware\RoutingMiddleware->__invoke(Object(Cake\Http\ServerRequest), Object(Cake\Http\Response), Object(Cake\Http\Runner))
#14 C:\wamp64\www\login\app\vendor\cakephp\cakephp\src\Routing\Middleware\AssetMiddleware.php(88): Cake\Http\Runner->__invoke(Object(Cake\Http\ServerRequest), Object(Cake\Http\Response))
#15 C:\wamp64\www\login\app\vendor\cakephp\cakephp\src\Http\Runner.php(65): Cake\Routing\Middleware\AssetMiddleware->__invoke(Object(Cake\Http\ServerRequest), Object(Cake\Http\Response), Object(Cake\Http\Runner))
#16 C:\wamp64\www\login\app\vendor\cakephp\cakephp\src\Error\Middleware\ErrorHandlerMiddleware.php(98): Cake\Http\Runner->__invoke(Object(Cake\Http\ServerRequest), Object(Cake\Http\Response))
#17 C:\wamp64\www\login\app\vendor\cakephp\cakephp\src\Http\Runner.php(65): Cake\Error\Middleware\ErrorHandlerMiddleware->__invoke(Object(Cake\Http\ServerRequest), Object(Cake\Http\Response), Object(Cake\Http\Runner))
#18 C:\wamp64\www\login\app\vendor\cakephp\cakephp\src\Http\Runner.php(51): Cake\Http\Runner->__invoke(Object(Cake\Http\ServerRequest), Object(Cake\Http\Response))
#19 C:\wamp64\www\login\app\vendor\cakephp\cakephp\src\Http\Server.php(98): Cake\Http\Runner->run(Object(Cake\Http\MiddlewareQueue), Object(Cake\Http\ServerRequest), Object(Cake\Http\Response))
#20 C:\wamp64\www\login\app\webroot\index.php(40): Cake\Http\Server->run()
#21 {main}


2018-08-28 08:33:46 Error: [Cake\Http\Exception\NotFoundException] Please replace src/Template/Pages/home.ctp with your own version or re-enable debug mode.
Request URL: /
Stack Trace:
#0 C:\wamp64\www\login\app\vendor\cakephp\cakephp\src\View\View.php(1240): include()
#1 C:\wamp64\www\login\app\vendor\cakephp\cakephp\src\View\View.php(1201): Cake\View\View->_evaluate('C:\\wamp64\\www\\l...', Array)
#2 C:\wamp64\www\login\app\vendor\cakephp\cakephp\src\View\View.php(803): Cake\View\View->_render('C:\\wamp64\\www\\l...')
#3 C:\wamp64\www\login\app\vendor\cakephp\cakephp\src\Controller\Controller.php(777): Cake\View\View->render('home', NULL)
#4 C:\wamp64\www\login\app\src\Controller\PagesController.php(61): Cake\Controller\Controller->render('home')
#5 C:\wamp64\www\login\app\vendor\cakephp\cakephp\src\Controller\Controller.php(596): App\Controller\PagesController->display('home')
#6 C:\wamp64\www\login\app\vendor\cakephp\cakephp\src\Http\ActionDispatcher.php(120): Cake\Controller\Controller->invokeAction()
#7 C:\wamp64\www\login\app\vendor\cakephp\cakephp\src\Http\ActionDispatcher.php(94): Cake\Http\ActionDispatcher->_invoke(Object(App\Controller\PagesController))
#8 C:\wamp64\www\login\app\vendor\cakephp\cakephp\src\Http\BaseApplication.php(235): Cake\Http\ActionDispatcher->dispatch(Object(Cake\Http\ServerRequest), Object(Cake\Http\Response))
#9 C:\wamp64\www\login\app\vendor\cakephp\cakephp\src\Http\Runner.php(65): Cake\Http\BaseApplication->__invoke(Object(Cake\Http\ServerRequest), Object(Cake\Http\Response), Object(Cake\Http\Runner))
#10 C:\wamp64\www\login\app\vendor\cakephp\cakephp\src\Http\Middleware\CsrfProtectionMiddleware.php(107): Cake\Http\Runner->__invoke(Object(Cake\Http\ServerRequest), Object(Cake\Http\Response))
#11 C:\wamp64\www\login\app\vendor\cakephp\cakephp\src\Http\Runner.php(65): Cake\Http\Middleware\CsrfProtectionMiddleware->__invoke(Object(Cake\Http\ServerRequest), Object(Cake\Http\Response), Object(Cake\Http\Runner))
#12 C:\wamp64\www\login\app\vendor\cakephp\cakephp\src\Routing\Middleware\RoutingMiddleware.php(156): Cake\Http\Runner->__invoke(Object(Cake\Http\ServerRequest), Object(Cake\Http\Response))
#13 C:\wamp64\www\login\app\vendor\cakephp\cakephp\src\Http\Runner.php(65): Cake\Routing\Middleware\RoutingMiddleware->__invoke(Object(Cake\Http\ServerRequest), Object(Cake\Http\Response), Object(Cake\Http\Runner))
#14 C:\wamp64\www\login\app\vendor\cakephp\cakephp\src\Routing\Middleware\AssetMiddleware.php(88): Cake\Http\Runner->__invoke(Object(Cake\Http\ServerRequest), Object(Cake\Http\Response))
#15 C:\wamp64\www\login\app\vendor\cakephp\cakephp\src\Http\Runner.php(65): Cake\Routing\Middleware\AssetMiddleware->__invoke(Object(Cake\Http\ServerRequest), Object(Cake\Http\Response), Object(Cake\Http\Runner))
#16 C:\wamp64\www\login\app\vendor\cakephp\cakephp\src\Error\Middleware\ErrorHandlerMiddleware.php(98): Cake\Http\Runner->__invoke(Object(Cake\Http\ServerRequest), Object(Cake\Http\Response))
#17 C:\wamp64\www\login\app\vendor\cakephp\cakephp\src\Http\Runner.php(65): Cake\Error\Middleware\ErrorHandlerMiddleware->__invoke(Object(Cake\Http\ServerRequest), Object(Cake\Http\Response), Object(Cake\Http\Runner))
#18 C:\wamp64\www\login\app\vendor\cakephp\cakephp\src\Http\Runner.php(51): Cake\Http\Runner->__invoke(Object(Cake\Http\ServerRequest), Object(Cake\Http\Response))
#19 C:\wamp64\www\login\app\vendor\cakephp\cakephp\src\Http\Server.php(98): Cake\Http\Runner->run(Object(Cake\Http\MiddlewareQueue), Object(Cake\Http\ServerRequest), Object(Cake\Http\Response))
#20 C:\wamp64\www\login\app\webroot\index.php(40): Cake\Http\Server->run()
#21 {main}


